[2.597s] Invoking command in '/home/group1/my_ros_ws/src/motor_ctl': PYTHONPATH=/home/group1/my_ros_ws/build/motor_ctl/prefix_override:/home/group1/my_ros_ws/install/motor_ctl/lib/python3.10/site-packages:${PYTHONPATH} /usr/bin/python3 -W ignore:setup.py install is deprecated setup.py egg_info --egg-base ../../build/motor_ctl build --build-base /home/group1/my_ros_ws/build/motor_ctl/build install --record /home/group1/my_ros_ws/build/motor_ctl/install.log --single-version-externally-managed install_data
[3.616s] running egg_info
[3.618s] writing ../../build/motor_ctl/motor_ctl.egg-info/PKG-INFO
[3.619s] writing dependency_links to ../../build/motor_ctl/motor_ctl.egg-info/dependency_links.txt
[3.620s] writing entry points to ../../build/motor_ctl/motor_ctl.egg-info/entry_points.txt
[3.621s] writing requirements to ../../build/motor_ctl/motor_ctl.egg-info/requires.txt
[3.622s] writing top-level names to ../../build/motor_ctl/motor_ctl.egg-info/top_level.txt
[3.630s] reading manifest file '../../build/motor_ctl/motor_ctl.egg-info/SOURCES.txt'
[3.633s] writing manifest file '../../build/motor_ctl/motor_ctl.egg-info/SOURCES.txt'
[3.634s] running build
[3.635s] running build_py
[3.635s] copying motor_ctl/publisher.py -> /home/group1/my_ros_ws/build/motor_ctl/build/lib/motor_ctl
[3.637s] running install
[3.638s] running install_lib
[3.641s] copying /home/group1/my_ros_ws/build/motor_ctl/build/lib/motor_ctl/publisher.py -> /home/group1/my_ros_ws/install/motor_ctl/lib/python3.10/site-packages/motor_ctl
[3.644s] byte-compiling /home/group1/my_ros_ws/install/motor_ctl/lib/python3.10/site-packages/motor_ctl/publisher.py to publisher.cpython-310.pyc
[3.646s]   File "/home/group1/my_ros_ws/install/motor_ctl/lib/python3.10/site-packages/motor_ctl/publisher.py", line 45
[3.646s]     pub.send_detected(value= [data['us'], data['button'])
[3.647s]                                                         ^
[3.647s] SyntaxError: closing parenthesis ')' does not match opening parenthesis '['
[3.647s] 
[3.647s] running install_data
[3.648s] running install_egg_info
[3.654s] removing '/home/group1/my_ros_ws/install/motor_ctl/lib/python3.10/site-packages/motor_ctl-0.0.0-py3.10.egg-info' (and everything under it)
[3.656s] Copying ../../build/motor_ctl/motor_ctl.egg-info to /home/group1/my_ros_ws/install/motor_ctl/lib/python3.10/site-packages/motor_ctl-0.0.0-py3.10.egg-info
[3.661s] running install_scripts
[3.738s] Installing publisher script to /home/group1/my_ros_ws/install/motor_ctl/lib/motor_ctl
[3.739s] Installing subscriber script to /home/group1/my_ros_ws/install/motor_ctl/lib/motor_ctl
[3.741s] writing list of installed files to '/home/group1/my_ros_ws/build/motor_ctl/install.log'
[3.852s] Invoked command in '/home/group1/my_ros_ws/src/motor_ctl' returned '0': PYTHONPATH=/home/group1/my_ros_ws/build/motor_ctl/prefix_override:/home/group1/my_ros_ws/install/motor_ctl/lib/python3.10/site-packages:${PYTHONPATH} /usr/bin/python3 -W ignore:setup.py install is deprecated setup.py egg_info --egg-base ../../build/motor_ctl build --build-base /home/group1/my_ros_ws/build/motor_ctl/build install --record /home/group1/my_ros_ws/build/motor_ctl/install.log --single-version-externally-managed install_data
