[2.206s] Invoking command in '/home/group1/my_ros_ws/src/motor_ctl': PYTHONPATH=/home/group1/my_ros_ws/build/motor_ctl/prefix_override:/home/group1/my_ros_ws/install/motor_ctl/lib/python3.10/site-packages: /usr/bin/python3 -W ignore:setup.py install is deprecated setup.py egg_info --egg-base ../../build/motor_ctl build --build-base /home/group1/my_ros_ws/build/motor_ctl/build install --record /home/group1/my_ros_ws/build/motor_ctl/install.log --single-version-externally-managed install_data
[3.009s] running egg_info
[3.012s] writing ../../build/motor_ctl/motor_ctl.egg-info/PKG-INFO
[3.013s] writing dependency_links to ../../build/motor_ctl/motor_ctl.egg-info/dependency_links.txt
[3.014s] writing entry points to ../../build/motor_ctl/motor_ctl.egg-info/entry_points.txt
[3.015s] writing requirements to ../../build/motor_ctl/motor_ctl.egg-info/requires.txt
[3.016s] writing top-level names to ../../build/motor_ctl/motor_ctl.egg-info/top_level.txt
[3.027s] reading manifest file '../../build/motor_ctl/motor_ctl.egg-info/SOURCES.txt'
[3.031s] writing manifest file '../../build/motor_ctl/motor_ctl.egg-info/SOURCES.txt'
[3.032s] running build
[3.032s] running build_py
[3.034s] copying motor_ctl/publisher.py -> /home/group1/my_ros_ws/build/motor_ctl/build/lib/motor_ctl
[3.035s] copying motor_ctl/subscriber.py -> /home/group1/my_ros_ws/build/motor_ctl/build/lib/motor_ctl
[3.036s] running install
[3.037s] running install_lib
[3.041s] copying /home/group1/my_ros_ws/build/motor_ctl/build/lib/motor_ctl/publisher.py -> /home/group1/my_ros_ws/install/motor_ctl/lib/python3.10/site-packages/motor_ctl
[3.042s] copying /home/group1/my_ros_ws/build/motor_ctl/build/lib/motor_ctl/subscriber.py -> /home/group1/my_ros_ws/install/motor_ctl/lib/python3.10/site-packages/motor_ctl
[3.045s] byte-compiling /home/group1/my_ros_ws/install/motor_ctl/lib/python3.10/site-packages/motor_ctl/publisher.py to publisher.cpython-310.pyc
[3.049s] byte-compiling /home/group1/my_ros_ws/install/motor_ctl/lib/python3.10/site-packages/motor_ctl/subscriber.py to subscriber.cpython-310.pyc
[3.051s] running install_data
[3.053s] copying package.xml -> /home/group1/my_ros_ws/install/motor_ctl/share/motor_ctl
[3.054s] running install_egg_info
[3.061s] removing '/home/group1/my_ros_ws/install/motor_ctl/lib/python3.10/site-packages/motor_ctl-0.0.0-py3.10.egg-info' (and everything under it)
[3.063s] Copying ../../build/motor_ctl/motor_ctl.egg-info to /home/group1/my_ros_ws/install/motor_ctl/lib/python3.10/site-packages/motor_ctl-0.0.0-py3.10.egg-info
[3.069s] running install_scripts
[3.143s] Installing publisher script to /home/group1/my_ros_ws/install/motor_ctl/lib/motor_ctl
[3.144s] Installing subscriber script to /home/group1/my_ros_ws/install/motor_ctl/lib/motor_ctl
[3.145s] writing list of installed files to '/home/group1/my_ros_ws/build/motor_ctl/install.log'
[3.253s] Invoked command in '/home/group1/my_ros_ws/src/motor_ctl' returned '0': PYTHONPATH=/home/group1/my_ros_ws/build/motor_ctl/prefix_override:/home/group1/my_ros_ws/install/motor_ctl/lib/python3.10/site-packages: /usr/bin/python3 -W ignore:setup.py install is deprecated setup.py egg_info --egg-base ../../build/motor_ctl build --build-base /home/group1/my_ros_ws/build/motor_ctl/build install --record /home/group1/my_ros_ws/build/motor_ctl/install.log --single-version-externally-managed install_data
